  Camp.cpp
C:\Users\Lamab\source\repos\camping\camping\Camp.cpp(19,17): warning C4305: 'initializing': truncation from 'double' to 'float'
C:\Users\Lamab\source\repos\camping\camping\Camp.cpp(19,31): warning C4305: 'initializing': truncation from 'double' to 'float'
C:\Users\Lamab\source\repos\camping\camping\Camp.cpp(31,30): warning C4305: 'argument': truncation from 'double' to 'GLfloat'
C:\Users\Lamab\source\repos\camping\camping\Camp.cpp(34,30): warning C4305: 'argument': truncation from 'double' to 'GLfloat'
C:\Users\Lamab\source\repos\camping\camping\Camp.cpp(37,30): warning C4305: 'argument': truncation from 'double' to 'GLfloat'
C:\Users\Lamab\source\repos\camping\camping\Camp.cpp(42,27): warning C4305: 'argument': truncation from 'double' to 'GLfloat'
C:\Users\Lamab\source\repos\camping\camping\Camp.cpp(45,30): warning C4305: 'argument': truncation from 'double' to 'GLfloat'
C:\Users\Lamab\source\repos\camping\camping\Camp.cpp(48,30): warning C4305: 'argument': truncation from 'double' to 'GLfloat'
C:\Users\Lamab\source\repos\camping\camping\Camp.cpp(52,30): warning C4305: 'argument': truncation from 'double' to 'GLfloat'
C:\Users\Lamab\source\repos\camping\camping\Camp.cpp(55,29): warning C4305: 'argument': truncation from 'double' to 'GLfloat'
C:\Users\Lamab\source\repos\camping\camping\Camp.cpp(58,30): warning C4305: 'argument': truncation from 'double' to 'GLfloat'
C:\Users\Lamab\source\repos\camping\camping\Camp.cpp(62,30): warning C4305: 'argument': truncation from 'double' to 'GLfloat'
C:\Users\Lamab\source\repos\camping\camping\Camp.cpp(65,29): warning C4305: 'argument': truncation from 'double' to 'GLfloat'
C:\Users\Lamab\source\repos\camping\camping\Camp.cpp(68,30): warning C4305: 'argument': truncation from 'double' to 'GLfloat'
C:\Users\Lamab\source\repos\camping\camping\Camp.cpp(72,30): warning C4305: 'argument': truncation from 'double' to 'GLfloat'
C:\Users\Lamab\source\repos\camping\camping\Camp.cpp(75,30): warning C4305: 'argument': truncation from 'double' to 'GLfloat'
C:\Users\Lamab\source\repos\camping\camping\Camp.cpp(78,30): warning C4305: 'argument': truncation from 'double' to 'GLfloat'
C:\Users\Lamab\source\repos\camping\camping\Camp.cpp(85,30): warning C4305: 'argument': truncation from 'double' to 'GLfloat'
C:\Users\Lamab\source\repos\camping\camping\Camp.cpp(88,30): warning C4305: 'argument': truncation from 'double' to 'GLfloat'
C:\Users\Lamab\source\repos\camping\camping\Camp.cpp(91,29): warning C4305: 'argument': truncation from 'double' to 'GLfloat'
C:\Users\Lamab\source\repos\camping\camping\Camp.cpp(94,30): warning C4305: 'argument': truncation from 'double' to 'GLfloat'
C:\Users\Lamab\source\repos\camping\camping\Camp.cpp(97,30): warning C4305: 'argument': truncation from 'double' to 'GLfloat'
C:\Users\Lamab\source\repos\camping\camping\Camp.cpp(110,24): warning C4305: 'argument': truncation from 'double' to 'GLfloat'
C:\Users\Lamab\source\repos\camping\camping\Camp.cpp(119,33): warning C4305: 'argument': truncation from 'double' to 'GLfloat'
C:\Users\Lamab\source\repos\camping\camping\Camp.cpp(120,31): warning C4305: 'argument': truncation from 'double' to 'GLfloat'
C:\Users\Lamab\source\repos\camping\camping\Camp.cpp(127,34): warning C4305: 'argument': truncation from 'double' to 'GLfloat'
C:\Users\Lamab\source\repos\camping\camping\Camp.cpp(128,31): warning C4305: 'argument': truncation from 'double' to 'GLfloat'
C:\Users\Lamab\source\repos\camping\camping\Camp.cpp(135,34): warning C4305: 'argument': truncation from 'double' to 'GLfloat'
C:\Users\Lamab\source\repos\camping\camping\Camp.cpp(136,31): warning C4305: 'argument': truncation from 'double' to 'GLfloat'
C:\Users\Lamab\source\repos\camping\camping\Camp.cpp(143,32): warning C4305: 'argument': truncation from 'double' to 'GLfloat'
C:\Users\Lamab\source\repos\camping\camping\Camp.cpp(144,31): warning C4305: 'argument': truncation from 'double' to 'GLfloat'
C:\Users\Lamab\source\repos\camping\camping\Camp.cpp(151,37): warning C4305: 'argument': truncation from 'double' to 'GLfloat'
C:\Users\Lamab\source\repos\camping\camping\Camp.cpp(152,31): warning C4305: 'argument': truncation from 'double' to 'GLfloat'
C:\Users\Lamab\source\repos\camping\camping\Camp.cpp(159,34): warning C4305: 'argument': truncation from 'double' to 'GLfloat'
C:\Users\Lamab\source\repos\camping\camping\Camp.cpp(160,31): warning C4305: 'argument': truncation from 'double' to 'GLfloat'
C:\Users\Lamab\source\repos\camping\camping\Camp.cpp(167,34): warning C4305: 'argument': truncation from 'double' to 'GLfloat'
C:\Users\Lamab\source\repos\camping\camping\Camp.cpp(168,31): warning C4305: 'argument': truncation from 'double' to 'GLfloat'
C:\Users\Lamab\source\repos\camping\camping\Camp.cpp(175,34): warning C4305: 'argument': truncation from 'double' to 'GLfloat'
C:\Users\Lamab\source\repos\camping\camping\Camp.cpp(176,31): warning C4305: 'argument': truncation from 'double' to 'GLfloat'
C:\Users\Lamab\source\repos\camping\camping\Camp.cpp(183,34): warning C4305: 'argument': truncation from 'double' to 'GLfloat'
C:\Users\Lamab\source\repos\camping\camping\Camp.cpp(184,31): warning C4305: 'argument': truncation from 'double' to 'GLfloat'
C:\Users\Lamab\source\repos\camping\camping\Camp.cpp(191,34): warning C4305: 'argument': truncation from 'double' to 'GLfloat'
C:\Users\Lamab\source\repos\camping\camping\Camp.cpp(192,31): warning C4305: 'argument': truncation from 'double' to 'GLfloat'
C:\Users\Lamab\source\repos\camping\camping\Camp.cpp(199,34): warning C4305: 'argument': truncation from 'double' to 'GLfloat'
C:\Users\Lamab\source\repos\camping\camping\Camp.cpp(200,31): warning C4305: 'argument': truncation from 'double' to 'GLfloat'
C:\Users\Lamab\source\repos\camping\camping\Camp.cpp(214,16): warning C4244: 'argument': conversion from 'double' to 'GLfloat', possible loss of data
C:\Users\Lamab\source\repos\camping\camping\Camp.cpp(213,16): warning C4244: 'argument': conversion from 'double' to 'GLfloat', possible loss of data
C:\Users\Lamab\source\repos\camping\camping\Camp.cpp(224,35): warning C4305: 'argument': truncation from 'double' to 'float'
C:\Users\Lamab\source\repos\camping\camping\Camp.cpp(237,27): warning C4305: '-=': truncation from 'double' to 'float'
C:\Users\Lamab\source\repos\camping\camping\Camp.cpp(239,27): warning C4305: '=': truncation from 'double' to 'float'
C:\Users\Lamab\source\repos\camping\camping\Camp.cpp(247,35): warning C4305: 'argument': truncation from 'double' to 'float'
C:\Users\Lamab\source\repos\camping\camping\Camp.cpp(259,28): warning C4305: '+=': truncation from 'double' to 'float'
C:\Users\Lamab\source\repos\camping\camping\Camp.cpp(261,27): warning C4305: '=': truncation from 'double' to 'float'
C:\Users\Lamab\source\repos\camping\camping\Camp.cpp(270,29): warning C4305: '-=': truncation from 'double' to 'float'
C:\Users\Lamab\source\repos\camping\camping\Camp.cpp(271,29): warning C4305: '-=': truncation from 'double' to 'float'
C:\Users\Lamab\source\repos\camping\camping\Camp.cpp(272,29): warning C4305: '-=': truncation from 'double' to 'float'
C:\Users\Lamab\source\repos\camping\camping\Camp.cpp(277,39): warning C4305: 'argument': truncation from 'double' to 'float'
C:\Users\Lamab\source\repos\camping\camping\Camp.cpp(278,36): warning C4305: 'argument': truncation from 'double' to 'float'
C:\Users\Lamab\source\repos\camping\camping\Camp.cpp(279,40): warning C4305: 'argument': truncation from 'double' to 'float'
C:\Users\Lamab\source\repos\camping\camping\Camp.cpp(280,37): warning C4305: 'argument': truncation from 'double' to 'float'
C:\Users\Lamab\source\repos\camping\camping\Camp.cpp(282,44): warning C4305: 'argument': truncation from 'double' to 'float'
C:\Users\Lamab\source\repos\camping\camping\Camp.cpp(283,40): warning C4305: 'argument': truncation from 'double' to 'float'
C:\Users\Lamab\source\repos\camping\camping\Camp.cpp(284,43): warning C4305: 'argument': truncation from 'double' to 'float'
C:\Users\Lamab\source\repos\camping\camping\Camp.cpp(285,42): warning C4305: 'argument': truncation from 'double' to 'float'
C:\Users\Lamab\source\repos\camping\camping\Camp.cpp(290,39): warning C4305: 'argument': truncation from 'double' to 'float'
C:\Users\Lamab\source\repos\camping\camping\Camp.cpp(291,36): warning C4305: 'argument': truncation from 'double' to 'float'
C:\Users\Lamab\source\repos\camping\camping\Camp.cpp(292,40): warning C4305: 'argument': truncation from 'double' to 'float'
C:\Users\Lamab\source\repos\camping\camping\Camp.cpp(293,37): warning C4305: 'argument': truncation from 'double' to 'float'
C:\Users\Lamab\source\repos\camping\camping\Camp.cpp(295,44): warning C4305: 'argument': truncation from 'double' to 'float'
C:\Users\Lamab\source\repos\camping\camping\Camp.cpp(296,40): warning C4305: 'argument': truncation from 'double' to 'float'
C:\Users\Lamab\source\repos\camping\camping\Camp.cpp(297,43): warning C4305: 'argument': truncation from 'double' to 'float'
C:\Users\Lamab\source\repos\camping\camping\Camp.cpp(298,42): warning C4305: 'argument': truncation from 'double' to 'float'
C:\Users\Lamab\source\repos\camping\camping\Camp.cpp(310,39): warning C4305: 'argument': truncation from 'double' to 'GLfloat'
C:\Users\Lamab\source\repos\camping\camping\Camp.cpp(315,39): warning C4305: 'argument': truncation from 'double' to 'GLfloat'
C:\Users\Lamab\source\repos\camping\camping\Camp.cpp(320,27): warning C4305: '+=': truncation from 'double' to 'float'
C:\Users\Lamab\source\repos\camping\camping\Camp.cpp(326,27): warning C4305: '+=': truncation from 'double' to 'float'
C:\Users\Lamab\source\repos\camping\camping\Camp.cpp(328,31): warning C4305: '=': truncation from 'double' to 'float'
C:\Users\Lamab\source\repos\camping\camping\Camp.cpp(332,27): warning C4305: '+=': truncation from 'double' to 'float'
C:\Users\Lamab\source\repos\camping\camping\Camp.cpp(334,31): warning C4305: '=': truncation from 'double' to 'float'
C:\Users\Lamab\source\repos\camping\camping\Camp.cpp(344,30): warning C4305: '-=': truncation from 'double' to 'float'
C:\Users\Lamab\source\repos\camping\camping\Camp.cpp(346,28): warning C4305: '-=': truncation from 'double' to 'float'
C:\Users\Lamab\source\repos\camping\camping\Camp.cpp(348,29): warning C4305: '-=': truncation from 'double' to 'float'
C:\Users\Lamab\source\repos\camping\camping\Camp.cpp(391,33): warning C4305: 'argument': truncation from 'double' to 'GLfloat'
C:\Users\Lamab\source\repos\camping\camping\Camp.cpp(392,27): warning C4305: 'argument': truncation from 'double' to 'GLfloat'
C:\Users\Lamab\source\repos\camping\camping\Camp.cpp(398,32): warning C4305: 'argument': truncation from 'double' to 'GLfloat'
C:\Users\Lamab\source\repos\camping\camping\Camp.cpp(399,27): warning C4305: 'argument': truncation from 'double' to 'GLfloat'
C:\Users\Lamab\source\repos\camping\camping\Camp.cpp(405,33): warning C4305: 'argument': truncation from 'double' to 'GLfloat'
C:\Users\Lamab\source\repos\camping\camping\Camp.cpp(406,27): warning C4305: 'argument': truncation from 'double' to 'GLfloat'
C:\Users\Lamab\source\repos\camping\camping\Camp.cpp(422,31): warning C4305: 'argument': truncation from 'double' to 'GLfloat'
C:\Users\Lamab\source\repos\camping\camping\Camp.cpp(423,25): warning C4305: 'argument': truncation from 'double' to 'GLfloat'
C:\Users\Lamab\source\repos\camping\camping\Camp.cpp(428,33): warning C4305: 'argument': truncation from 'double' to 'GLfloat'
C:\Users\Lamab\source\repos\camping\camping\Camp.cpp(429,23): warning C4305: 'argument': truncation from 'double' to 'GLfloat'
C:\Users\Lamab\source\repos\camping\camping\Camp.cpp(435,30): warning C4305: 'argument': truncation from 'double' to 'GLfloat'
C:\Users\Lamab\source\repos\camping\camping\Camp.cpp(436,25): warning C4305: 'argument': truncation from 'double' to 'GLfloat'
C:\Users\Lamab\source\repos\camping\camping\Camp.cpp(447,25): warning C4305: 'argument': truncation from 'double' to 'GLfloat'
C:\Users\Lamab\source\repos\camping\camping\Camp.cpp(448,27): warning C4305: 'argument': truncation from 'double' to 'GLfloat'
C:\Users\Lamab\source\repos\camping\camping\Camp.cpp(451,31): warning C4305: 'argument': truncation from 'double' to 'GLfloat'
C:\Users\Lamab\source\repos\camping\camping\Camp.cpp(453,24): warning C4305: 'argument': truncation from 'double' to 'GLfloat'
C:\Users\Lamab\source\repos\camping\camping\Camp.cpp(457,31): warning C4305: 'argument': truncation from 'double' to 'GLfloat'
C:\Users\Lamab\source\repos\camping\camping\Camp.cpp(472,32): warning C4305: 'argument': truncation from 'double' to 'GLfloat'
C:\Users\Lamab\source\repos\camping\camping\Camp.cpp(473,25): warning C4305: 'argument': truncation from 'double' to 'GLfloat'
C:\Users\Lamab\source\repos\camping\camping\Camp.cpp(476,29): warning C4305: 'argument': truncation from 'double' to 'GLfloat'
C:\Users\Lamab\source\repos\camping\camping\Camp.cpp(481,29): warning C4305: 'argument': truncation from 'double' to 'GLfloat'
C:\Users\Lamab\source\repos\camping\camping\Camp.cpp(483,23): warning C4305: 'argument': truncation from 'double' to 'GLfloat'
C:\Users\Lamab\source\repos\camping\camping\Camp.cpp(492,28): warning C4305: 'argument': truncation from 'double' to 'GLfloat'
C:\Users\Lamab\source\repos\camping\camping\Camp.cpp(495,43): warning C4305: 'argument': truncation from 'double' to 'GLfloat'
C:\Users\Lamab\source\repos\camping\camping\Camp.cpp(496,26): warning C4305: 'argument': truncation from 'double' to 'GLfloat'
C:\Users\Lamab\source\repos\camping\camping\Camp.cpp(501,43): warning C4305: 'argument': truncation from 'double' to 'GLfloat'
C:\Users\Lamab\source\repos\camping\camping\Camp.cpp(504,43): warning C4305: 'argument': truncation from 'double' to 'GLfloat'
C:\Users\Lamab\source\repos\camping\camping\Camp.cpp(505,25): warning C4305: 'argument': truncation from 'double' to 'GLfloat'
C:\Users\Lamab\source\repos\camping\camping\Camp.cpp(512,31): warning C4305: 'argument': truncation from 'double' to 'GLfloat'
C:\Users\Lamab\source\repos\camping\camping\Camp.cpp(513,26): warning C4305: 'argument': truncation from 'double' to 'GLfloat'
C:\Users\Lamab\source\repos\camping\camping\Camp.cpp(515,31): warning C4305: 'argument': truncation from 'double' to 'GLfloat'
C:\Users\Lamab\source\repos\camping\camping\Camp.cpp(516,26): warning C4305: 'argument': truncation from 'double' to 'GLfloat'
C:\Users\Lamab\source\repos\camping\camping\Camp.cpp(518,31): warning C4305: 'argument': truncation from 'double' to 'GLfloat'
C:\Users\Lamab\source\repos\camping\camping\Camp.cpp(529,30): warning C4305: 'argument': truncation from 'double' to 'GLfloat'
C:\Users\Lamab\source\repos\camping\camping\Camp.cpp(530,27): warning C4305: 'argument': truncation from 'double' to 'GLfloat'
C:\Users\Lamab\source\repos\camping\camping\Camp.cpp(531,26): warning C4305: 'argument': truncation from 'double' to 'GLfloat'
C:\Users\Lamab\source\repos\camping\camping\Camp.cpp(532,29): warning C4305: 'argument': truncation from 'double' to 'GLfloat'
C:\Users\Lamab\source\repos\camping\camping\Camp.cpp(542,28): warning C4305: 'argument': truncation from 'double' to 'GLfloat'
C:\Users\Lamab\source\repos\camping\camping\Camp.cpp(543,25): warning C4305: 'argument': truncation from 'double' to 'GLfloat'
C:\Users\Lamab\source\repos\camping\camping\Camp.cpp(545,26): warning C4305: 'argument': truncation from 'double' to 'GLfloat'
C:\Users\Lamab\source\repos\camping\camping\Camp.cpp(546,25): warning C4305: 'argument': truncation from 'double' to 'GLfloat'
C:\Users\Lamab\source\repos\camping\camping\Camp.cpp(548,27): warning C4305: 'argument': truncation from 'double' to 'GLfloat'
C:\Users\Lamab\source\repos\camping\camping\Camp.cpp(549,24): warning C4305: 'argument': truncation from 'double' to 'GLfloat'
C:\Users\Lamab\source\repos\camping\camping\Camp.cpp(558,30): warning C4305: 'argument': truncation from 'double' to 'GLfloat'
C:\Users\Lamab\source\repos\camping\camping\Camp.cpp(567,32): warning C4305: 'argument': truncation from 'double' to 'GLfloat'
C:\Users\Lamab\source\repos\camping\camping\Camp.cpp(572,33): warning C4305: 'argument': truncation from 'double' to 'GLfloat'
C:\Users\Lamab\source\repos\camping\camping\Camp.cpp(577,32): warning C4305: 'argument': truncation from 'double' to 'GLfloat'
C:\Users\Lamab\source\repos\camping\camping\Camp.cpp(585,28): warning C4305: 'argument': truncation from 'double' to 'GLfloat'
C:\Users\Lamab\source\repos\camping\camping\Camp.cpp(586,31): warning C4305: 'argument': truncation from 'double' to 'GLfloat'
C:\Users\Lamab\source\repos\camping\camping\Camp.cpp(592,28): warning C4305: 'argument': truncation from 'double' to 'GLfloat'
C:\Users\Lamab\source\repos\camping\camping\Camp.cpp(598,26): warning C4305: 'argument': truncation from 'double' to 'GLfloat'
C:\Users\Lamab\source\repos\camping\camping\Camp.cpp(599,27): warning C4305: 'argument': truncation from 'double' to 'GLfloat'
C:\Users\Lamab\source\repos\camping\camping\Camp.cpp(600,27): warning C4305: 'argument': truncation from 'double' to 'GLfloat'
C:\Users\Lamab\source\repos\camping\camping\Camp.cpp(601,27): warning C4305: 'argument': truncation from 'double' to 'GLfloat'
C:\Users\Lamab\source\repos\camping\camping\Camp.cpp(611,33): warning C4305: 'argument': truncation from 'double' to 'GLfloat'
C:\Users\Lamab\source\repos\camping\camping\Camp.cpp(613,33): warning C4305: 'argument': truncation from 'double' to 'GLfloat'
C:\Users\Lamab\source\repos\camping\camping\Camp.cpp(614,26): warning C4305: 'argument': truncation from 'double' to 'GLfloat'
C:\Users\Lamab\source\repos\camping\camping\Camp.cpp(615,33): warning C4305: 'argument': truncation from 'double' to 'GLfloat'
C:\Users\Lamab\source\repos\camping\camping\Camp.cpp(622,17): warning C4244: 'initializing': conversion from 'double' to 'float', possible loss of data
C:\Users\Lamab\source\repos\camping\camping\Camp.cpp(644,28): warning C4305: 'argument': truncation from 'double' to 'GLfloat'
C:\Users\Lamab\source\repos\camping\camping\Camp.cpp(650,28): warning C4305: 'argument': truncation from 'double' to 'GLfloat'
C:\Users\Lamab\source\repos\camping\camping\Camp.cpp(652,30): warning C4305: 'argument': truncation from 'double' to 'GLfloat'
C:\Users\Lamab\source\repos\camping\camping\Camp.cpp(653,35): warning C4305: 'argument': truncation from 'double' to 'float'
C:\Users\Lamab\source\repos\camping\camping\Camp.cpp(655,31): warning C4305: 'argument': truncation from 'double' to 'GLfloat'
C:\Users\Lamab\source\repos\camping\camping\Camp.cpp(656,35): warning C4305: 'argument': truncation from 'double' to 'float'
C:\Users\Lamab\source\repos\camping\camping\Camp.cpp(660,28): warning C4305: 'argument': truncation from 'double' to 'GLfloat'
C:\Users\Lamab\source\repos\camping\camping\Camp.cpp(661,35): warning C4305: 'argument': truncation from 'double' to 'float'
C:\Users\Lamab\source\repos\camping\camping\Camp.cpp(662,28): warning C4305: 'argument': truncation from 'double' to 'GLfloat'
C:\Users\Lamab\source\repos\camping\camping\Camp.cpp(663,35): warning C4305: 'argument': truncation from 'double' to 'float'
C:\Users\Lamab\source\repos\camping\camping\Camp.cpp(674,30): warning C4305: 'argument': truncation from 'double' to 'GLfloat'
C:\Users\Lamab\source\repos\camping\camping\Camp.cpp(675,28): warning C4305: 'argument': truncation from 'double' to 'GLfloat'
C:\Users\Lamab\source\repos\camping\camping\Camp.cpp(682,27): warning C4305: 'argument': truncation from 'double' to 'GLfloat'
C:\Users\Lamab\source\repos\camping\camping\Camp.cpp(683,30): warning C4305: 'argument': truncation from 'double' to 'GLfloat'
C:\Users\Lamab\source\repos\camping\camping\Camp.cpp(689,27): warning C4305: 'argument': truncation from 'double' to 'GLfloat'
C:\Users\Lamab\source\repos\camping\camping\Camp.cpp(696,27): warning C4305: 'argument': truncation from 'double' to 'GLfloat'
C:\Users\Lamab\source\repos\camping\camping\Camp.cpp(697,30): warning C4305: 'argument': truncation from 'double' to 'GLfloat'
C:\Users\Lamab\source\repos\camping\camping\Camp.cpp(703,31): warning C4305: 'argument': truncation from 'double' to 'GLfloat'
C:\Users\Lamab\source\repos\camping\camping\Camp.cpp(705,22): warning C4244: 'argument': conversion from 'double' to 'GLfloat', possible loss of data
C:\Users\Lamab\source\repos\camping\camping\Camp.cpp(708,25): warning C4244: 'initializing': conversion from 'double' to 'float', possible loss of data
C:\Users\Lamab\source\repos\camping\camping\Camp.cpp(709,71): warning C4244: 'argument': conversion from 'double' to 'GLfloat', possible loss of data
C:\Users\Lamab\source\repos\camping\camping\Camp.cpp(709,32): warning C4244: 'argument': conversion from 'double' to 'GLfloat', possible loss of data
C:\Users\Lamab\source\repos\camping\camping\Camp.cpp(717,27): warning C4305: 'argument': truncation from 'double' to 'GLfloat'
C:\Users\Lamab\source\repos\camping\camping\Camp.cpp(724,27): warning C4305: 'argument': truncation from 'double' to 'GLfloat'
C:\Users\Lamab\source\repos\camping\camping\Camp.cpp(731,27): warning C4305: 'argument': truncation from 'double' to 'GLfloat'
C:\Users\Lamab\source\repos\camping\camping\Camp.cpp(738,27): warning C4305: 'argument': truncation from 'double' to 'GLfloat'
C:\Users\Lamab\source\repos\camping\camping\Camp.cpp(765,27): warning C4305: 'argument': truncation from 'double' to 'GLfloat'
C:\Users\Lamab\source\repos\camping\camping\Camp.cpp(770,35): warning C4305: 'argument': truncation from 'double' to 'GLfloat'
C:\Users\Lamab\source\repos\camping\camping\Camp.cpp(771,25): warning C4305: 'argument': truncation from 'double' to 'GLfloat'
C:\Users\Lamab\source\repos\camping\camping\Camp.cpp(780,29): warning C4305: 'argument': truncation from 'double' to 'GLfloat'
C:\Users\Lamab\source\repos\camping\camping\Camp.cpp(786,29): warning C4305: 'argument': truncation from 'double' to 'GLfloat'
C:\Users\Lamab\source\repos\camping\camping\Camp.cpp(792,29): warning C4305: 'argument': truncation from 'double' to 'GLfloat'
C:\Users\Lamab\source\repos\camping\camping\Camp.cpp(798,29): warning C4305: 'argument': truncation from 'double' to 'GLfloat'
C:\Users\Lamab\source\repos\camping\camping\Camp.cpp(803,31): warning C4305: 'argument': truncation from 'double' to 'GLfloat'
  camping.vcxproj -> C:\Users\Lamab\source\repos\camping\x64\Debug\camping.exe
